<?xml version="1.0" encoding="UTF-8"?>
<!-- Generated by org.testng.reporters.JUnitReportReporter -->
<testsuite hostname="W-7FM3M13" failures="0" tests="1" name="com.main.test.SignUpTest" time="0.007" errors="0" timestamp="2020-10-31T11:43:25 IST" skipped="0">
  <testcase classname="com.main.test.SignUpTest" name="f" time="0.007"/>
  <system-out/>
</testsuite> <!-- com.main.test.SignUpTest -->
