<?xml version="1.0" encoding="UTF-8"?>
<!-- Generated by org.testng.reporters.JUnitReportReporter -->
<testsuite hostname="W-7FM3M13" failures="0" tests="3" name="com.test.testcases.Test_SignUpCAI_ExtntRpt" time="157.291" errors="0" timestamp="2020-11-03T23:07:39 IST" skipped="0">
  <testcase classname="com.test.testcases.Test_SignUpCAI_ExtntRpt" name="signUpConversationalAI" time="54.849"/>
  <system-out/>
  <testcase classname="com.test.testcases.Test_SignUpCAI_ExtntRpt" name="signUpConversationalAI" time="51.971"/>
  <system-out/>
  <testcase classname="com.test.testcases.Test_SignUpCAI_ExtntRpt" name="signUpConversationalAI" time="50.471"/>
  <system-out/>
</testsuite> <!-- com.test.testcases.Test_SignUpCAI_ExtntRpt -->
