<?xml version="1.0" encoding="UTF-8"?>
<!-- Generated by org.testng.reporters.JUnitReportReporter -->
<testsuite hostname="W-7FM3M13" failures="0" tests="2" name="com.test.testcases.Test_ExtentReport_TestNG" time="0.000" errors="0" timestamp="2020-11-02T14:58:15 IST" skipped="2">
  <testcase classname="com.test.testcases.Test_ExtentReport_TestNG" name="test2" time="0.000">
    <skipped/>
  </testcase> <!-- test2 -->
  <system-out/>
  <testcase classname="com.test.testcases.Test_ExtentReport_TestNG" name="test" time="0.000">
    <skipped/>
  </testcase> <!-- test -->
  <system-out/>
</testsuite> <!-- com.test.testcases.Test_ExtentReport_TestNG -->
