<?xml version="1.0" encoding="UTF-8"?>
<!-- Generated by org.testng.reporters.JUnitReportReporter -->
<testsuite hostname="W-7FM3M13" failures="0" tests="1" name="com.test.testcases.Test_GoogleSearch_TestNG" time="0.000" errors="0" timestamp="2020-11-02T14:58:15 IST" skipped="1">
  <testcase classname="com.test.testcases.Test_GoogleSearch_TestNG" name="googleSearch" time="0.000">
    <skipped/>
  </testcase> <!-- googleSearch -->
  <system-out/>
</testsuite> <!-- com.test.testcases.Test_GoogleSearch_TestNG -->
