<?xml version="1.0" encoding="UTF-8"?>
<!-- Generated by org.testng.reporters.JUnitReportReporter -->
<testsuite hostname="W-7FM3M13" failures="0" tests="2" name="com.test.testcases.Test_GoogleSearch_TestNG2" time="0.000" errors="0" timestamp="2020-11-02T14:58:15 IST" skipped="2">
  <testcase classname="com.test.testcases.Test_GoogleSearch_TestNG2" name="googleSearch2" time="0.000">
    <skipped/>
  </testcase> <!-- googleSearch2 -->
  <system-out/>
  <testcase classname="com.test.testcases.Test_GoogleSearch_TestNG2" name="googleSearch3" time="0.000">
    <skipped/>
  </testcase> <!-- googleSearch3 -->
  <system-out/>
</testsuite> <!-- com.test.testcases.Test_GoogleSearch_TestNG2 -->
